This file contains any messages produced by compilers while
running configure, to aid debugging if configure makes a mistake.

It was created by hubo-ach configure 0.0.0, which was
generated by GNU Autoconf 2.68.  Invocation command line was

  $ ./configure 

## --------- ##
## Platform. ##
## --------- ##

hostname = FogatronMobile
uname -m = x86_64
uname -r = 3.13.0-49-generic
uname -s = Linux
uname -v = #81~precise1-Ubuntu SMP Wed Mar 25 16:32:15 UTC 2015

/usr/bin/uname -p = unknown
/bin/uname -X     = unknown

/bin/arch              = unknown
/usr/bin/arch -k       = unknown
/usr/convex/getsysinfo = unknown
/usr/bin/hostinfo      = unknown
/bin/machine           = unknown
/usr/bin/oslevel       = unknown
/bin/universe          = unknown

PATH: /home/fogatron/catkin_ws/devel/bin
PATH: /opt/ros/hydro/bin
PATH: /usr/lib/lightdm/lightdm
PATH: /usr/local/sbin
PATH: /usr/local/bin
PATH: /usr/sbin
PATH: /usr/bin
PATH: /sbin
PATH: /bin
PATH: /usr/games


## ----------- ##
## Core tests. ##
## ----------- ##

configure:2369: checking for a BSD-compatible install
configure:2437: result: /usr/bin/install -c
configure:2448: checking whether build environment is sane
configure:2498: result: yes
configure:2639: checking for a thread-safe mkdir -p
configure:2678: result: /bin/mkdir -p
configure:2691: checking for gawk
configure:2707: found /usr/bin/gawk
configure:2718: result: gawk
configure:2729: checking whether make sets $(MAKE)
configure:2751: result: yes
configure:2849: checking for style of include used by make
configure:2877: result: GNU
configure:2948: checking for gcc
configure:2964: found /usr/bin/gcc
configure:2975: result: gcc
configure:3204: checking for C compiler version
configure:3213: gcc --version >&5
gcc (Ubuntu/Linaro 4.6.3-1ubuntu5) 4.6.3
Copyright (C) 2011 Free Software Foundation, Inc.
This is free software; see the source for copying conditions.  There is NO
warranty; not even for MERCHANTABILITY or FITNESS FOR A PARTICULAR PURPOSE.

configure:3224: $? = 0
configure:3213: gcc -v >&5
Using built-in specs.
COLLECT_GCC=gcc
COLLECT_LTO_WRAPPER=/usr/lib/gcc/x86_64-linux-gnu/4.6/lto-wrapper
Target: x86_64-linux-gnu
Configured with: ../src/configure -v --with-pkgversion='Ubuntu/Linaro 4.6.3-1ubuntu5' --with-bugurl=file:///usr/share/doc/gcc-4.6/README.Bugs --enable-languages=c,c++,fortran,objc,obj-c++ --prefix=/usr --program-suffix=-4.6 --enable-shared --enable-linker-build-id --with-system-zlib --libexecdir=/usr/lib --without-included-gettext --enable-threads=posix --with-gxx-include-dir=/usr/include/c++/4.6 --libdir=/usr/lib --enable-nls --with-sysroot=/ --enable-clocale=gnu --enable-libstdcxx-debug --enable-libstdcxx-time=yes --enable-gnu-unique-object --enable-plugin --enable-objc-gc --disable-werror --with-arch-32=i686 --with-tune=generic --enable-checking=release --build=x86_64-linux-gnu --host=x86_64-linux-gnu --target=x86_64-linux-gnu
Thread model: posix
gcc version 4.6.3 (Ubuntu/Linaro 4.6.3-1ubuntu5) 
configure:3224: $? = 0
configure:3213: gcc -V >&5
gcc: error: unrecognized option '-V'
gcc: fatal error: no input files
compilation terminated.
configure:3224: $? = 4
configure:3213: gcc -qversion >&5
gcc: error: unrecognized option '-qversion'
gcc: fatal error: no input files
compilation terminated.
configure:3224: $? = 4
configure:3244: checking whether the C compiler works
configure:3266: gcc    conftest.c  >&5
configure:3270: $? = 0
configure:3318: result: yes
configure:3321: checking for C compiler default output file name
configure:3323: result: a.out
configure:3329: checking for suffix of executables
configure:3336: gcc -o conftest    conftest.c  >&5
configure:3340: $? = 0
configure:3362: result: 
configure:3384: checking whether we are cross compiling
configure:3392: gcc -o conftest    conftest.c  >&5
configure:3396: $? = 0
configure:3403: ./conftest
configure:3407: $? = 0
configure:3422: result: no
configure:3427: checking for suffix of object files
configure:3449: gcc -c   conftest.c >&5
configure:3453: $? = 0
configure:3474: result: o
configure:3478: checking whether we are using the GNU C compiler
configure:3497: gcc -c   conftest.c >&5
configure:3497: $? = 0
configure:3506: result: yes
configure:3515: checking whether gcc accepts -g
configure:3535: gcc -c -g  conftest.c >&5
configure:3535: $? = 0
configure:3576: result: yes
configure:3593: checking for gcc option to accept ISO C89
configure:3657: gcc  -c -g -O2  conftest.c >&5
configure:3657: $? = 0
configure:3670: result: none needed
configure:3692: checking dependency style of gcc
configure:3803: result: gcc3
configure:3824: checking how to run the C preprocessor
configure:3855: gcc -E  conftest.c
configure:3855: $? = 0
configure:3869: gcc -E  conftest.c
conftest.c:11:28: fatal error: ac_nonexistent.h: No such file or directory
compilation terminated.
configure:3869: $? = 1
configure: failed program was:
| /* confdefs.h */
| #define PACKAGE_NAME "hubo-ach"
| #define PACKAGE_TARNAME "hubo-ach"
| #define PACKAGE_VERSION "0.0.0"
| #define PACKAGE_STRING "hubo-ach 0.0.0"
| #define PACKAGE_BUGREPORT "dan@danlofaro.com"
| #define PACKAGE_URL ""
| #define PACKAGE "hubo-ach"
| #define VERSION "0.0.0"
| /* end confdefs.h.  */
| #include <ac_nonexistent.h>
configure:3894: result: gcc -E
configure:3914: gcc -E  conftest.c
configure:3914: $? = 0
configure:3928: gcc -E  conftest.c
conftest.c:11:28: fatal error: ac_nonexistent.h: No such file or directory
compilation terminated.
configure:3928: $? = 1
configure: failed program was:
| /* confdefs.h */
| #define PACKAGE_NAME "hubo-ach"
| #define PACKAGE_TARNAME "hubo-ach"
| #define PACKAGE_VERSION "0.0.0"
| #define PACKAGE_STRING "hubo-ach 0.0.0"
| #define PACKAGE_BUGREPORT "dan@danlofaro.com"
| #define PACKAGE_URL ""
| #define PACKAGE "hubo-ach"
| #define VERSION "0.0.0"
| /* end confdefs.h.  */
| #include <ac_nonexistent.h>
configure:3957: checking for grep that handles long lines and -e
configure:4015: result: /bin/grep
configure:4020: checking for egrep
configure:4082: result: /bin/grep -E
configure:4087: checking for ANSI C header files
configure:4107: gcc -c -g -O2  conftest.c >&5
configure:4107: $? = 0
configure:4180: gcc -o conftest -g -O2   conftest.c  >&5
configure:4180: $? = 0
configure:4180: ./conftest
configure:4180: $? = 0
configure:4191: result: yes
configure:4204: checking for sys/types.h
configure:4204: gcc -c -g -O2  conftest.c >&5
configure:4204: $? = 0
configure:4204: result: yes
configure:4204: checking for sys/stat.h
configure:4204: gcc -c -g -O2  conftest.c >&5
configure:4204: $? = 0
configure:4204: result: yes
configure:4204: checking for stdlib.h
configure:4204: gcc -c -g -O2  conftest.c >&5
configure:4204: $? = 0
configure:4204: result: yes
configure:4204: checking for string.h
configure:4204: gcc -c -g -O2  conftest.c >&5
configure:4204: $? = 0
configure:4204: result: yes
configure:4204: checking for memory.h
configure:4204: gcc -c -g -O2  conftest.c >&5
configure:4204: $? = 0
configure:4204: result: yes
configure:4204: checking for strings.h
configure:4204: gcc -c -g -O2  conftest.c >&5
configure:4204: $? = 0
configure:4204: result: yes
configure:4204: checking for inttypes.h
configure:4204: gcc -c -g -O2  conftest.c >&5
configure:4204: $? = 0
configure:4204: result: yes
configure:4204: checking for stdint.h
configure:4204: gcc -c -g -O2  conftest.c >&5
configure:4204: $? = 0
configure:4204: result: yes
configure:4204: checking for unistd.h
configure:4204: gcc -c -g -O2  conftest.c >&5
configure:4204: $? = 0
configure:4204: result: yes
configure:4217: checking minix/config.h usability
configure:4217: gcc -c -g -O2  conftest.c >&5
conftest.c:54:26: fatal error: minix/config.h: No such file or directory
compilation terminated.
configure:4217: $? = 1
configure: failed program was:
| /* confdefs.h */
| #define PACKAGE_NAME "hubo-ach"
| #define PACKAGE_TARNAME "hubo-ach"
| #define PACKAGE_VERSION "0.0.0"
| #define PACKAGE_STRING "hubo-ach 0.0.0"
| #define PACKAGE_BUGREPORT "dan@danlofaro.com"
| #define PACKAGE_URL ""
| #define PACKAGE "hubo-ach"
| #define VERSION "0.0.0"
| #define STDC_HEADERS 1
| #define HAVE_SYS_TYPES_H 1
| #define HAVE_SYS_STAT_H 1
| #define HAVE_STDLIB_H 1
| #define HAVE_STRING_H 1
| #define HAVE_MEMORY_H 1
| #define HAVE_STRINGS_H 1
| #define HAVE_INTTYPES_H 1
| #define HAVE_STDINT_H 1
| #define HAVE_UNISTD_H 1
| /* end confdefs.h.  */
| #include <stdio.h>
| #ifdef HAVE_SYS_TYPES_H
| # include <sys/types.h>
| #endif
| #ifdef HAVE_SYS_STAT_H
| # include <sys/stat.h>
| #endif
| #ifdef STDC_HEADERS
| # include <stdlib.h>
| # include <stddef.h>
| #else
| # ifdef HAVE_STDLIB_H
| #  include <stdlib.h>
| # endif
| #endif
| #ifdef HAVE_STRING_H
| # if !defined STDC_HEADERS && defined HAVE_MEMORY_H
| #  include <memory.h>
| # endif
| # include <string.h>
| #endif
| #ifdef HAVE_STRINGS_H
| # include <strings.h>
| #endif
| #ifdef HAVE_INTTYPES_H
| # include <inttypes.h>
| #endif
| #ifdef HAVE_STDINT_H
| # include <stdint.h>
| #endif
| #ifdef HAVE_UNISTD_H
| # include <unistd.h>
| #endif
| #include <minix/config.h>
configure:4217: result: no
configure:4217: checking minix/config.h presence
configure:4217: gcc -E  conftest.c
conftest.c:21:26: fatal error: minix/config.h: No such file or directory
compilation terminated.
configure:4217: $? = 1
configure: failed program was:
| /* confdefs.h */
| #define PACKAGE_NAME "hubo-ach"
| #define PACKAGE_TARNAME "hubo-ach"
| #define PACKAGE_VERSION "0.0.0"
| #define PACKAGE_STRING "hubo-ach 0.0.0"
| #define PACKAGE_BUGREPORT "dan@danlofaro.com"
| #define PACKAGE_URL ""
| #define PACKAGE "hubo-ach"
| #define VERSION "0.0.0"
| #define STDC_HEADERS 1
| #define HAVE_SYS_TYPES_H 1
| #define HAVE_SYS_STAT_H 1
| #define HAVE_STDLIB_H 1
| #define HAVE_STRING_H 1
| #define HAVE_MEMORY_H 1
| #define HAVE_STRINGS_H 1
| #define HAVE_INTTYPES_H 1
| #define HAVE_STDINT_H 1
| #define HAVE_UNISTD_H 1
| /* end confdefs.h.  */
| #include <minix/config.h>
configure:4217: result: no
configure:4217: checking for minix/config.h
configure:4217: result: no
configure:4238: checking whether it is safe to define __EXTENSIONS__
configure:4256: gcc -c -g -O2  conftest.c >&5
configure:4256: $? = 0
configure:4263: result: yes
configure:4325: checking for gcc
configure:4352: result: gcc
configure:4581: checking for C compiler version
configure:4590: gcc --version >&5
gcc (Ubuntu/Linaro 4.6.3-1ubuntu5) 4.6.3
Copyright (C) 2011 Free Software Foundation, Inc.
This is free software; see the source for copying conditions.  There is NO
warranty; not even for MERCHANTABILITY or FITNESS FOR A PARTICULAR PURPOSE.

configure:4601: $? = 0
configure:4590: gcc -v >&5
Using built-in specs.
COLLECT_GCC=gcc
COLLECT_LTO_WRAPPER=/usr/lib/gcc/x86_64-linux-gnu/4.6/lto-wrapper
Target: x86_64-linux-gnu
Configured with: ../src/configure -v --with-pkgversion='Ubuntu/Linaro 4.6.3-1ubuntu5' --with-bugurl=file:///usr/share/doc/gcc-4.6/README.Bugs --enable-languages=c,c++,fortran,objc,obj-c++ --prefix=/usr --program-suffix=-4.6 --enable-shared --enable-linker-build-id --with-system-zlib --libexecdir=/usr/lib --without-included-gettext --enable-threads=posix --with-gxx-include-dir=/usr/include/c++/4.6 --libdir=/usr/lib --enable-nls --with-sysroot=/ --enable-clocale=gnu --enable-libstdcxx-debug --enable-libstdcxx-time=yes --enable-gnu-unique-object --enable-plugin --enable-objc-gc --disable-werror --with-arch-32=i686 --with-tune=generic --enable-checking=release --build=x86_64-linux-gnu --host=x86_64-linux-gnu --target=x86_64-linux-gnu
Thread model: posix
gcc version 4.6.3 (Ubuntu/Linaro 4.6.3-1ubuntu5) 
configure:4601: $? = 0
configure:4590: gcc -V >&5
gcc: error: unrecognized option '-V'
gcc: fatal error: no input files
compilation terminated.
configure:4601: $? = 4
configure:4590: gcc -qversion >&5
gcc: error: unrecognized option '-qversion'
gcc: fatal error: no input files
compilation terminated.
configure:4601: $? = 4
configure:4605: checking whether we are using the GNU C compiler
configure:4633: result: yes
configure:4642: checking whether gcc accepts -g
configure:4703: result: yes
configure:4720: checking for gcc option to accept ISO C89
configure:4797: result: none needed
configure:4819: checking dependency style of gcc
configure:4930: result: gcc3
configure:5003: checking for g++
configure:5019: found /usr/bin/g++
configure:5030: result: g++
configure:5057: checking for C++ compiler version
configure:5066: g++ --version >&5
g++ (Ubuntu/Linaro 4.6.3-1ubuntu5) 4.6.3
Copyright (C) 2011 Free Software Foundation, Inc.
This is free software; see the source for copying conditions.  There is NO
warranty; not even for MERCHANTABILITY or FITNESS FOR A PARTICULAR PURPOSE.

configure:5077: $? = 0
configure:5066: g++ -v >&5
Using built-in specs.
COLLECT_GCC=g++
COLLECT_LTO_WRAPPER=/usr/lib/gcc/x86_64-linux-gnu/4.6/lto-wrapper
Target: x86_64-linux-gnu
Configured with: ../src/configure -v --with-pkgversion='Ubuntu/Linaro 4.6.3-1ubuntu5' --with-bugurl=file:///usr/share/doc/gcc-4.6/README.Bugs --enable-languages=c,c++,fortran,objc,obj-c++ --prefix=/usr --program-suffix=-4.6 --enable-shared --enable-linker-build-id --with-system-zlib --libexecdir=/usr/lib --without-included-gettext --enable-threads=posix --with-gxx-include-dir=/usr/include/c++/4.6 --libdir=/usr/lib --enable-nls --with-sysroot=/ --enable-clocale=gnu --enable-libstdcxx-debug --enable-libstdcxx-time=yes --enable-gnu-unique-object --enable-plugin --enable-objc-gc --disable-werror --with-arch-32=i686 --with-tune=generic --enable-checking=release --build=x86_64-linux-gnu --host=x86_64-linux-gnu --target=x86_64-linux-gnu
Thread model: posix
gcc version 4.6.3 (Ubuntu/Linaro 4.6.3-1ubuntu5) 
configure:5077: $? = 0
configure:5066: g++ -V >&5
g++: error: unrecognized option '-V'
g++: fatal error: no input files
compilation terminated.
configure:5077: $? = 4
configure:5066: g++ -qversion >&5
g++: error: unrecognized option '-qversion'
g++: fatal error: no input files
compilation terminated.
configure:5077: $? = 4
configure:5081: checking whether we are using the GNU C++ compiler
configure:5100: g++ -c   conftest.cpp >&5
configure:5100: $? = 0
configure:5109: result: yes
configure:5118: checking whether g++ accepts -g
configure:5138: g++ -c -g  conftest.cpp >&5
configure:5138: $? = 0
configure:5179: result: yes
configure:5204: checking dependency style of g++
configure:5315: result: gcc3
configure:5359: checking build system type
configure:5373: result: x86_64-unknown-linux-gnu
configure:5393: checking host system type
configure:5406: result: x86_64-unknown-linux-gnu
configure:5447: checking how to print strings
configure:5474: result: printf
configure:5495: checking for a sed that does not truncate output
configure:5559: result: /bin/sed
configure:5577: checking for fgrep
configure:5639: result: /bin/grep -F
configure:5674: checking for ld used by gcc
configure:5741: result: /usr/bin/ld
configure:5748: checking if the linker (/usr/bin/ld) is GNU ld
configure:5763: result: yes
configure:5775: checking for BSD- or MS-compatible name lister (nm)
configure:5824: result: /usr/bin/nm -B
configure:5954: checking the name lister (/usr/bin/nm -B) interface
configure:5961: gcc -c -g -O2  conftest.c >&5
configure:5964: /usr/bin/nm -B "conftest.o"
configure:5967: output
0000000000000000 B some_variable
configure:5974: result: BSD nm
configure:5977: checking whether ln -s works
configure:5981: result: yes
configure:5989: checking the maximum length of command line arguments
configure:6119: result: 1572864
configure:6136: checking whether the shell understands some XSI constructs
configure:6146: result: yes
configure:6150: checking whether the shell understands "+="
configure:6156: result: yes
configure:6191: checking how to convert x86_64-unknown-linux-gnu file names to x86_64-unknown-linux-gnu format
configure:6231: result: func_convert_file_noop
configure:6238: checking how to convert x86_64-unknown-linux-gnu file names to toolchain format
configure:6258: result: func_convert_file_noop
configure:6265: checking for /usr/bin/ld option to reload object files
configure:6272: result: -r
configure:6346: checking for objdump
configure:6362: found /usr/bin/objdump
configure:6373: result: objdump
configure:6405: checking how to recognize dependent libraries
configure:6607: result: pass_all
configure:6692: checking for dlltool
configure:6722: result: no
configure:6752: checking how to associate runtime and link libraries
configure:6779: result: printf %s\n
configure:6839: checking for ar
configure:6855: found /usr/bin/ar
configure:6866: result: ar
configure:6903: checking for archiver @FILE support
configure:6920: gcc -c -g -O2  conftest.c >&5
configure:6920: $? = 0
configure:6923: ar cru libconftest.a @conftest.lst >&5
configure:6926: $? = 0
configure:6931: ar cru libconftest.a @conftest.lst >&5
ar: conftest.o: No such file or directory
configure:6934: $? = 1
configure:6946: result: @
configure:7004: checking for strip
configure:7020: found /usr/bin/strip
configure:7031: result: strip
configure:7103: checking for ranlib
configure:7119: found /usr/bin/ranlib
configure:7130: result: ranlib
configure:7232: checking command to parse /usr/bin/nm -B output from gcc object
configure:7352: gcc -c -g -O2  conftest.c >&5
configure:7355: $? = 0
configure:7359: /usr/bin/nm -B conftest.o \| sed -n -e 's/^.*[ ]\([ABCDGIRSTW][ABCDGIRSTW]*\)[ ][ ]*\([_A-Za-z][_A-Za-z0-9]*\)$/\1 \2 \2/p' | sed '/ __gnu_lto/d' \> conftest.nm
configure:7362: $? = 0
configure:7428: gcc -o conftest -g -O2   conftest.c conftstm.o >&5
configure:7431: $? = 0
configure:7469: result: ok
configure:7506: checking for sysroot
configure:7536: result: no
configure:7613: gcc -c -g -O2  conftest.c >&5
configure:7616: $? = 0
configure:7792: checking for mt
configure:7808: found /bin/mt
configure:7819: result: mt
configure:7842: checking if mt is a manifest tool
configure:7848: mt '-?'
configure:7856: result: no
configure:8495: checking for dlfcn.h
configure:8495: gcc -c -g -O2  conftest.c >&5
configure:8495: $? = 0
configure:8495: result: yes
configure:8712: checking for objdir
configure:8727: result: .libs
configure:8998: checking if gcc supports -fno-rtti -fno-exceptions
configure:9016: gcc -c -g -O2  -fno-rtti -fno-exceptions conftest.c >&5
cc1: warning: command line option '-fno-rtti' is valid for C++/ObjC++ but not for C [enabled by default]
configure:9020: $? = 0
configure:9033: result: no
configure:9360: checking for gcc option to produce PIC
configure:9367: result: -fPIC -DPIC
configure:9375: checking if gcc PIC flag -fPIC -DPIC works
configure:9393: gcc -c -g -O2  -fPIC -DPIC -DPIC conftest.c >&5
configure:9397: $? = 0
configure:9410: result: yes
configure:9439: checking if gcc static flag -static works
configure:9467: result: yes
configure:9482: checking if gcc supports -c -o file.o
configure:9503: gcc -c -g -O2  -o out/conftest2.o conftest.c >&5
configure:9507: $? = 0
configure:9529: result: yes
configure:9537: checking if gcc supports -c -o file.o
configure:9584: result: yes
configure:9617: checking whether the gcc linker (/usr/bin/ld -m elf_x86_64) supports shared libraries
configure:10774: result: yes
configure:10811: checking whether -lc should be explicitly linked in
configure:10819: gcc -c -g -O2  conftest.c >&5
configure:10822: $? = 0
configure:10837: gcc -shared  -fPIC -DPIC conftest.o  -v -Wl,-soname -Wl,conftest -o conftest 2\>\&1 \| /bin/grep  -lc  \>/dev/null 2\>\&1
configure:10840: $? = 0
configure:10854: result: no
configure:11014: checking dynamic linker characteristics
configure:11525: gcc -o conftest -g -O2   -Wl,-rpath -Wl,/foo conftest.c  >&5
configure:11525: $? = 0
configure:11759: result: GNU/Linux ld.so
configure:11866: checking how to hardcode library paths into programs
configure:11891: result: immediate
configure:12431: checking whether stripping libraries is possible
configure:12436: result: yes
configure:12471: checking if libtool supports shared libraries
configure:12473: result: yes
configure:12476: checking whether to build shared libraries
configure:12497: result: yes
configure:12500: checking whether to build static libraries
configure:12504: result: yes
configure:12527: checking how to run the C++ preprocessor
configure:12554: g++ -E  conftest.cpp
configure:12554: $? = 0
configure:12568: g++ -E  conftest.cpp
conftest.cpp:28:28: fatal error: ac_nonexistent.h: No such file or directory
compilation terminated.
configure:12568: $? = 1
configure: failed program was:
| /* confdefs.h */
| #define PACKAGE_NAME "hubo-ach"
| #define PACKAGE_TARNAME "hubo-ach"
| #define PACKAGE_VERSION "0.0.0"
| #define PACKAGE_STRING "hubo-ach 0.0.0"
| #define PACKAGE_BUGREPORT "dan@danlofaro.com"
| #define PACKAGE_URL ""
| #define PACKAGE "hubo-ach"
| #define VERSION "0.0.0"
| #define STDC_HEADERS 1
| #define HAVE_SYS_TYPES_H 1
| #define HAVE_SYS_STAT_H 1
| #define HAVE_STDLIB_H 1
| #define HAVE_STRING_H 1
| #define HAVE_MEMORY_H 1
| #define HAVE_STRINGS_H 1
| #define HAVE_INTTYPES_H 1
| #define HAVE_STDINT_H 1
| #define HAVE_UNISTD_H 1
| #define __EXTENSIONS__ 1
| #define _ALL_SOURCE 1
| #define _GNU_SOURCE 1
| #define _POSIX_PTHREAD_SEMANTICS 1
| #define _TANDEM_SOURCE 1
| #define HAVE_DLFCN_H 1
| #define LT_OBJDIR ".libs/"
| /* end confdefs.h.  */
| #include <ac_nonexistent.h>
configure:12593: result: g++ -E
configure:12613: g++ -E  conftest.cpp
configure:12613: $? = 0
configure:12627: g++ -E  conftest.cpp
conftest.cpp:28:28: fatal error: ac_nonexistent.h: No such file or directory
compilation terminated.
configure:12627: $? = 1
configure: failed program was:
| /* confdefs.h */
| #define PACKAGE_NAME "hubo-ach"
| #define PACKAGE_TARNAME "hubo-ach"
| #define PACKAGE_VERSION "0.0.0"
| #define PACKAGE_STRING "hubo-ach 0.0.0"
| #define PACKAGE_BUGREPORT "dan@danlofaro.com"
| #define PACKAGE_URL ""
| #define PACKAGE "hubo-ach"
| #define VERSION "0.0.0"
| #define STDC_HEADERS 1
| #define HAVE_SYS_TYPES_H 1
| #define HAVE_SYS_STAT_H 1
| #define HAVE_STDLIB_H 1
| #define HAVE_STRING_H 1
| #define HAVE_MEMORY_H 1
| #define HAVE_STRINGS_H 1
| #define HAVE_INTTYPES_H 1
| #define HAVE_STDINT_H 1
| #define HAVE_UNISTD_H 1
| #define __EXTENSIONS__ 1
| #define _ALL_SOURCE 1
| #define _GNU_SOURCE 1
| #define _POSIX_PTHREAD_SEMANTICS 1
| #define _TANDEM_SOURCE 1
| #define HAVE_DLFCN_H 1
| #define LT_OBJDIR ".libs/"
| /* end confdefs.h.  */
| #include <ac_nonexistent.h>
configure:12796: checking for ld used by g++
configure:12863: result: /usr/bin/ld -m elf_x86_64
configure:12870: checking if the linker (/usr/bin/ld -m elf_x86_64) is GNU ld
configure:12885: result: yes
configure:12940: checking whether the g++ linker (/usr/bin/ld -m elf_x86_64) supports shared libraries
configure:13945: result: yes
configure:13981: g++ -c -g -O2  conftest.cpp >&5
configure:13984: $? = 0
configure:14504: checking for g++ option to produce PIC
configure:14511: result: -fPIC -DPIC
configure:14519: checking if g++ PIC flag -fPIC -DPIC works
configure:14537: g++ -c -g -O2  -fPIC -DPIC -DPIC conftest.cpp >&5
configure:14541: $? = 0
configure:14554: result: yes
configure:14577: checking if g++ static flag -static works
configure:14605: result: yes
configure:14617: checking if g++ supports -c -o file.o
configure:14638: g++ -c -g -O2  -o out/conftest2.o conftest.cpp >&5
configure:14642: $? = 0
configure:14664: result: yes
configure:14669: checking if g++ supports -c -o file.o
configure:14716: result: yes
configure:14746: checking whether the g++ linker (/usr/bin/ld -m elf_x86_64) supports shared libraries
configure:14785: result: yes
configure:14926: checking dynamic linker characteristics
configure:15605: result: GNU/Linux ld.so
configure:15658: checking how to hardcode library paths into programs
configure:15683: result: immediate
configure:15760: checking for python
configure:15778: found /usr/bin/python
configure:15790: result: /usr/bin/python
configure:15811: checking for python version
configure:15818: result: 2.7
configure:15830: checking for python platform
configure:15837: result: linux2
configure:15844: checking for python script directory
configure:15872: result: ${prefix}/lib/python2.7/dist-packages
configure:15881: checking for python extension module directory
configure:15909: result: ${exec_prefix}/lib/python2.7/dist-packages
configure:15924: checking for ach_open in -lach
configure:15949: gcc -o conftest -g -O2   conftest.c -lach   >&5
configure:15949: $? = 0
configure:15958: result: yes
configure:15974: checking for string.h
configure:15974: result: yes
configure:15974: checking sys/ioctl.h usability
configure:15974: gcc -c -g -O2  conftest.c >&5
configure:15974: $? = 0
configure:15974: result: yes
configure:15974: checking sys/ioctl.h presence
configure:15974: gcc -E  conftest.c
configure:15974: $? = 0
configure:15974: result: yes
configure:15974: checking for sys/ioctl.h
configure:15974: result: yes
configure:15974: checking sys/socket.h usability
configure:15974: gcc -c -g -O2  conftest.c >&5
configure:15974: $? = 0
configure:15974: result: yes
configure:15974: checking sys/socket.h presence
configure:15974: gcc -E  conftest.c
configure:15974: $? = 0
configure:15974: result: yes
configure:15974: checking for sys/socket.h
configure:15974: result: yes
configure:15986: checking for inline
configure:16002: gcc -c -g -O2  conftest.c >&5
configure:16002: $? = 0
configure:16010: result: inline
configure:16033: checking for clock_getTime
configure:16033: gcc -o conftest -g -O2   conftest.c -lach  >&5
/tmp/ccWBLw9i.o: In function `main':
/home/fogatron/SDP/mkLocal/apriltags/example/hubo-ach/conftest.c:66: undefined reference to `clock_getTime'
collect2: ld returned 1 exit status
configure:16033: $? = 1
configure: failed program was:
| /* confdefs.h */
| #define PACKAGE_NAME "hubo-ach"
| #define PACKAGE_TARNAME "hubo-ach"
| #define PACKAGE_VERSION "0.0.0"
| #define PACKAGE_STRING "hubo-ach 0.0.0"
| #define PACKAGE_BUGREPORT "dan@danlofaro.com"
| #define PACKAGE_URL ""
| #define PACKAGE "hubo-ach"
| #define VERSION "0.0.0"
| #define STDC_HEADERS 1
| #define HAVE_SYS_TYPES_H 1
| #define HAVE_SYS_STAT_H 1
| #define HAVE_STDLIB_H 1
| #define HAVE_STRING_H 1
| #define HAVE_MEMORY_H 1
| #define HAVE_STRINGS_H 1
| #define HAVE_INTTYPES_H 1
| #define HAVE_STDINT_H 1
| #define HAVE_UNISTD_H 1
| #define __EXTENSIONS__ 1
| #define _ALL_SOURCE 1
| #define _GNU_SOURCE 1
| #define _POSIX_PTHREAD_SEMANTICS 1
| #define _TANDEM_SOURCE 1
| #define HAVE_DLFCN_H 1
| #define LT_OBJDIR ".libs/"
| #define HAVE_LIBACH 1
| #define HAVE_STRING_H 1
| #define HAVE_SYS_IOCTL_H 1
| #define HAVE_SYS_SOCKET_H 1
| /* end confdefs.h.  */
| /* Define clock_getTime to an innocuous variant, in case <limits.h> declares clock_getTime.
|    For example, HP-UX 11i <limits.h> declares gettimeofday.  */
| #define clock_getTime innocuous_clock_getTime
| 
| /* System header to define __stub macros and hopefully few prototypes,
|     which can conflict with char clock_getTime (); below.
|     Prefer <limits.h> to <assert.h> if __STDC__ is defined, since
|     <limits.h> exists even on freestanding compilers.  */
| 
| #ifdef __STDC__
| # include <limits.h>
| #else
| # include <assert.h>
| #endif
| 
| #undef clock_getTime
| 
| /* Override any GCC internal prototype to avoid an error.
|    Use char because int might match the return type of a GCC
|    builtin and then its argument prototype would still apply.  */
| #ifdef __cplusplus
| extern "C"
| #endif
| char clock_getTime ();
| /* The GNU C library defines this for functions which it implements
|     to always fail with ENOSYS.  Some functions are actually named
|     something starting with __ and the normal name is an alias.  */
| #if defined __stub_clock_getTime || defined __stub___clock_getTime
| choke me
| #endif
| 
| int
| main ()
| {
| return clock_getTime ();
|   ;
|   return 0;
| }
configure:16033: result: no
configure:16033: checking for memset
configure:16033: gcc -o conftest -g -O2   conftest.c -lach  >&5
conftest.c:55:6: warning: conflicting types for built-in function 'memset' [enabled by default]
configure:16033: $? = 0
configure:16033: result: yes
configure:16033: checking for socket
configure:16033: gcc -o conftest -g -O2   conftest.c -lach  >&5
configure:16033: $? = 0
configure:16033: result: yes
configure:16183: creating ./config.status

## ---------------------- ##
## Running config.status. ##
## ---------------------- ##

This file was extended by hubo-ach config.status 0.0.0, which was
generated by GNU Autoconf 2.68.  Invocation command line was

  CONFIG_FILES    = 
  CONFIG_HEADERS  = 
  CONFIG_LINKS    = 
  CONFIG_COMMANDS = 
  $ ./config.status 

on FogatronMobile

config.status:1171: creating Makefile
config.status:1171: creating config.h
config.status:1400: executing depfiles commands
config.status:1400: executing libtool commands

## ---------------- ##
## Cache variables. ##
## ---------------- ##

ac_cv_build=x86_64-unknown-linux-gnu
ac_cv_c_compiler_gnu=yes
ac_cv_c_inline=inline
ac_cv_cxx_compiler_gnu=yes
ac_cv_env_CCC_set=
ac_cv_env_CCC_value=
ac_cv_env_CC_set=
ac_cv_env_CC_value=
ac_cv_env_CFLAGS_set=
ac_cv_env_CFLAGS_value=
ac_cv_env_CPPFLAGS_set=
ac_cv_env_CPPFLAGS_value=
ac_cv_env_CPP_set=
ac_cv_env_CPP_value=
ac_cv_env_CXXCPP_set=
ac_cv_env_CXXCPP_value=
ac_cv_env_CXXFLAGS_set=
ac_cv_env_CXXFLAGS_value=
ac_cv_env_CXX_set=
ac_cv_env_CXX_value=
ac_cv_env_LDFLAGS_set=
ac_cv_env_LDFLAGS_value=
ac_cv_env_LIBS_set=
ac_cv_env_LIBS_value=
ac_cv_env_PYTHON_set=
ac_cv_env_PYTHON_value=
ac_cv_env_build_alias_set=
ac_cv_env_build_alias_value=
ac_cv_env_host_alias_set=
ac_cv_env_host_alias_value=
ac_cv_env_target_alias_set=
ac_cv_env_target_alias_value=
ac_cv_func_clock_getTime=no
ac_cv_func_memset=yes
ac_cv_func_socket=yes
ac_cv_header_dlfcn_h=yes
ac_cv_header_inttypes_h=yes
ac_cv_header_memory_h=yes
ac_cv_header_minix_config_h=no
ac_cv_header_stdc=yes
ac_cv_header_stdint_h=yes
ac_cv_header_stdlib_h=yes
ac_cv_header_string_h=yes
ac_cv_header_strings_h=yes
ac_cv_header_sys_ioctl_h=yes
ac_cv_header_sys_socket_h=yes
ac_cv_header_sys_stat_h=yes
ac_cv_header_sys_types_h=yes
ac_cv_header_unistd_h=yes
ac_cv_host=x86_64-unknown-linux-gnu
ac_cv_lib_ach_ach_open=yes
ac_cv_objext=o
ac_cv_path_EGREP='/bin/grep -E'
ac_cv_path_FGREP='/bin/grep -F'
ac_cv_path_GREP=/bin/grep
ac_cv_path_PYTHON=/usr/bin/python
ac_cv_path_SED=/bin/sed
ac_cv_path_install='/usr/bin/install -c'
ac_cv_path_mkdir=/bin/mkdir
ac_cv_prog_AWK=gawk
ac_cv_prog_CPP='gcc -E'
ac_cv_prog_CXXCPP='g++ -E'
ac_cv_prog_ac_ct_AR=ar
ac_cv_prog_ac_ct_CC=gcc
ac_cv_prog_ac_ct_CXX=g++
ac_cv_prog_ac_ct_MANIFEST_TOOL=mt
ac_cv_prog_ac_ct_OBJDUMP=objdump
ac_cv_prog_ac_ct_RANLIB=ranlib
ac_cv_prog_ac_ct_STRIP=strip
ac_cv_prog_cc_c89=
ac_cv_prog_cc_g=yes
ac_cv_prog_cxx_g=yes
ac_cv_prog_make_make_set=yes
ac_cv_safe_to_define___extensions__=yes
am_cv_CC_dependencies_compiler_type=gcc3
am_cv_CXX_dependencies_compiler_type=gcc3
am_cv_python_platform=linux2
am_cv_python_pyexecdir='${exec_prefix}/lib/python2.7/dist-packages'
am_cv_python_pythondir='${prefix}/lib/python2.7/dist-packages'
am_cv_python_version=2.7
lt_cv_ar_at_file=@
lt_cv_archive_cmds_need_lc=no
lt_cv_deplibs_check_method=pass_all
lt_cv_file_magic_cmd='$MAGIC_CMD'
lt_cv_file_magic_test_file=
lt_cv_ld_reload_flag=-r
lt_cv_nm_interface='BSD nm'
lt_cv_objdir=.libs
lt_cv_path_LD=/usr/bin/ld
lt_cv_path_LDCXX='/usr/bin/ld -m elf_x86_64'
lt_cv_path_NM='/usr/bin/nm -B'
lt_cv_path_mainfest_tool=no
lt_cv_prog_compiler_c_o=yes
lt_cv_prog_compiler_c_o_CXX=yes
lt_cv_prog_compiler_pic='-fPIC -DPIC'
lt_cv_prog_compiler_pic_CXX='-fPIC -DPIC'
lt_cv_prog_compiler_pic_works=yes
lt_cv_prog_compiler_pic_works_CXX=yes
lt_cv_prog_compiler_rtti_exceptions=no
lt_cv_prog_compiler_static_works=yes
lt_cv_prog_compiler_static_works_CXX=yes
lt_cv_prog_gnu_ld=yes
lt_cv_prog_gnu_ldcxx=yes
lt_cv_sharedlib_from_linklib_cmd='printf %s\n'
lt_cv_shlibpath_overrides_runpath=no
lt_cv_sys_global_symbol_pipe='sed -n -e '\''s/^.*[	 ]\([ABCDGIRSTW][ABCDGIRSTW]*\)[	 ][	 ]*\([_A-Za-z][_A-Za-z0-9]*\)$/\1 \2 \2/p'\'' | sed '\''/ __gnu_lto/d'\'''
lt_cv_sys_global_symbol_to_c_name_address='sed -n -e '\''s/^: \([^ ]*\)[ ]*$/  {\"\1\", (void *) 0},/p'\'' -e '\''s/^[ABCDGIRSTW]* \([^ ]*\) \([^ ]*\)$/  {"\2", (void *) \&\2},/p'\'''
lt_cv_sys_global_symbol_to_c_name_address_lib_prefix='sed -n -e '\''s/^: \([^ ]*\)[ ]*$/  {\"\1\", (void *) 0},/p'\'' -e '\''s/^[ABCDGIRSTW]* \([^ ]*\) \(lib[^ ]*\)$/  {"\2", (void *) \&\2},/p'\'' -e '\''s/^[ABCDGIRSTW]* \([^ ]*\) \([^ ]*\)$/  {"lib\2", (void *) \&\2},/p'\'''
lt_cv_sys_global_symbol_to_cdecl='sed -n -e '\''s/^T .* \(.*\)$/extern int \1();/p'\'' -e '\''s/^[ABCDGIRSTW]* .* \(.*\)$/extern char \1;/p'\'''
lt_cv_sys_max_cmd_len=1572864
lt_cv_to_host_file_cmd=func_convert_file_noop
lt_cv_to_tool_file_cmd=func_convert_file_noop

## ----------------- ##
## Output variables. ##
## ----------------- ##

ACLOCAL='${SHELL} /home/fogatron/SDP/mkLocal/apriltags/example/hubo-ach/missing --run aclocal-1.11'
AMDEPBACKSLASH='\'
AMDEP_FALSE='#'
AMDEP_TRUE=''
AMTAR='$${TAR-tar}'
AR='ar'
AUTOCONF='${SHELL} /home/fogatron/SDP/mkLocal/apriltags/example/hubo-ach/missing --run autoconf'
AUTOHEADER='${SHELL} /home/fogatron/SDP/mkLocal/apriltags/example/hubo-ach/missing --run autoheader'
AUTOMAKE='${SHELL} /home/fogatron/SDP/mkLocal/apriltags/example/hubo-ach/missing --run automake-1.11'
AWK='gawk'
CC='gcc'
CCDEPMODE='depmode=gcc3'
CFLAGS='-g -O2'
CPP='gcc -E'
CPPFLAGS=''
CXX='g++'
CXXCPP='g++ -E'
CXXDEPMODE='depmode=gcc3'
CXXFLAGS='-g -O2'
CYGPATH_W='echo'
DEFS='-DHAVE_CONFIG_H'
DEPDIR='.deps'
DLLTOOL='false'
DSYMUTIL=''
DUMPBIN=''
ECHO_C=''
ECHO_N='-n'
ECHO_T=''
EGREP='/bin/grep -E'
EXEEXT=''
FGREP='/bin/grep -F'
GREP='/bin/grep'
INSTALL_DATA='${INSTALL} -m 644'
INSTALL_PROGRAM='${INSTALL}'
INSTALL_SCRIPT='${INSTALL}'
INSTALL_STRIP_PROGRAM='$(install_sh) -c -s'
LD='/usr/bin/ld -m elf_x86_64'
LDFLAGS=''
LIBOBJS=''
LIBS='-lach '
LIBTOOL='$(SHELL) $(top_builddir)/libtool'
LIPO=''
LN_S='ln -s'
LTLIBOBJS=''
MAKEINFO='${SHELL} /home/fogatron/SDP/mkLocal/apriltags/example/hubo-ach/missing --run makeinfo'
MANIFEST_TOOL=':'
MKDIR_P='/bin/mkdir -p'
NM='/usr/bin/nm -B'
NMEDIT=''
OBJDUMP='objdump'
OBJEXT='o'
OTOOL64=''
OTOOL=''
PACKAGE='hubo-ach'
PACKAGE_BUGREPORT='dan@danlofaro.com'
PACKAGE_NAME='hubo-ach'
PACKAGE_STRING='hubo-ach 0.0.0'
PACKAGE_TARNAME='hubo-ach'
PACKAGE_URL=''
PACKAGE_VERSION='0.0.0'
PATH_SEPARATOR=':'
PYTHON='/usr/bin/python'
PYTHON_EXEC_PREFIX='${exec_prefix}'
PYTHON_PLATFORM='linux2'
PYTHON_PREFIX='${prefix}'
PYTHON_VERSION='2.7'
RANLIB='ranlib'
SED='/bin/sed'
SET_MAKE=''
SHELL='/bin/bash'
STRIP='strip'
VERSION='0.0.0'
ac_ct_AR='ar'
ac_ct_CC='gcc'
ac_ct_CXX='g++'
ac_ct_DUMPBIN=''
am__EXEEXT_FALSE=''
am__EXEEXT_TRUE='#'
am__fastdepCC_FALSE='#'
am__fastdepCC_TRUE=''
am__fastdepCXX_FALSE='#'
am__fastdepCXX_TRUE=''
am__include='include'
am__isrc=''
am__leading_dot='.'
am__nodep='_no'
am__quote=''
am__tar='$${TAR-tar} chof - "$$tardir"'
am__untar='$${TAR-tar} xf -'
bindir='${exec_prefix}/bin'
build='x86_64-unknown-linux-gnu'
build_alias=''
build_cpu='x86_64'
build_os='linux-gnu'
build_vendor='unknown'
datadir='${datarootdir}'
datarootdir='${prefix}/share'
docdir='${datarootdir}/doc/${PACKAGE_TARNAME}'
dvidir='${docdir}'
exec_prefix='${prefix}'
host='x86_64-unknown-linux-gnu'
host_alias=''
host_cpu='x86_64'
host_os='linux-gnu'
host_vendor='unknown'
htmldir='${docdir}'
includedir='${prefix}/include'
infodir='${datarootdir}/info'
install_sh='${SHELL} /home/fogatron/SDP/mkLocal/apriltags/example/hubo-ach/install-sh'
libdir='${exec_prefix}/lib'
libexecdir='${exec_prefix}/libexec'
localedir='${datarootdir}/locale'
localstatedir='${prefix}/var'
mandir='${datarootdir}/man'
mkdir_p='/bin/mkdir -p'
oldincludedir='/usr/include'
pdfdir='${docdir}'
pkgpyexecdir='${pyexecdir}/hubo-ach'
pkgpythondir='${pythondir}/hubo-ach'
prefix='/usr/local'
program_transform_name='s,x,x,'
psdir='${docdir}'
pyexecdir='${exec_prefix}/lib/python2.7/dist-packages'
pythondir='${prefix}/lib/python2.7/dist-packages'
sbindir='${exec_prefix}/sbin'
sharedstatedir='${prefix}/com'
sysconfdir='${prefix}/etc'
target_alias=''

## ----------- ##
## confdefs.h. ##
## ----------- ##

/* confdefs.h */
#define PACKAGE_NAME "hubo-ach"
#define PACKAGE_TARNAME "hubo-ach"
#define PACKAGE_VERSION "0.0.0"
#define PACKAGE_STRING "hubo-ach 0.0.0"
#define PACKAGE_BUGREPORT "dan@danlofaro.com"
#define PACKAGE_URL ""
#define PACKAGE "hubo-ach"
#define VERSION "0.0.0"
#define STDC_HEADERS 1
#define HAVE_SYS_TYPES_H 1
#define HAVE_SYS_STAT_H 1
#define HAVE_STDLIB_H 1
#define HAVE_STRING_H 1
#define HAVE_MEMORY_H 1
#define HAVE_STRINGS_H 1
#define HAVE_INTTYPES_H 1
#define HAVE_STDINT_H 1
#define HAVE_UNISTD_H 1
#define __EXTENSIONS__ 1
#define _ALL_SOURCE 1
#define _GNU_SOURCE 1
#define _POSIX_PTHREAD_SEMANTICS 1
#define _TANDEM_SOURCE 1
#define HAVE_DLFCN_H 1
#define LT_OBJDIR ".libs/"
#define HAVE_LIBACH 1
#define HAVE_STRING_H 1
#define HAVE_SYS_IOCTL_H 1
#define HAVE_SYS_SOCKET_H 1
#define HAVE_MEMSET 1
#define HAVE_SOCKET 1

configure: exit 0
