Determining if the pthread_create exist failed with the following output:
Change Dir: /home/jenish/catkin_ws/src/MILES/mrl_pioneer/pioneer_2dnav/build/CMakeFiles/CMakeTmp

Run Build Command:/usr/bin/make "cmTryCompileExec2001732935/fast"
make[1]: Entering directory `/home/jenish/catkin_ws/src/MILES/mrl_pioneer/pioneer_2dnav/build/CMakeFiles/CMakeTmp'
/usr/bin/make -f CMakeFiles/cmTryCompileExec2001732935.dir/build.make CMakeFiles/cmTryCompileExec2001732935.dir/build
make[2]: Entering directory `/home/jenish/catkin_ws/src/MILES/mrl_pioneer/pioneer_2dnav/build/CMakeFiles/CMakeTmp'
/usr/bin/cmake -E cmake_progress_report /home/jenish/catkin_ws/src/MILES/mrl_pioneer/pioneer_2dnav/build/CMakeFiles/CMakeTmp/CMakeFiles 1
Building C object CMakeFiles/cmTryCompileExec2001732935.dir/CheckSymbolExists.c.o
/usr/bin/cc    -o CMakeFiles/cmTryCompileExec2001732935.dir/CheckSymbolExists.c.o   -c /home/jenish/catkin_ws/src/MILES/mrl_pioneer/pioneer_2dnav/build/CMakeFiles/CMakeTmp/CheckSymbolExists.c
Linking C executable cmTryCompileExec2001732935
/usr/bin/cmake -E cmake_link_script CMakeFiles/cmTryCompileExec2001732935.dir/link.txt --verbose=1
/usr/bin/cc       CMakeFiles/cmTryCompileExec2001732935.dir/CheckSymbolExists.c.o  -o cmTryCompileExec2001732935 -rdynamic 
CMakeFiles/cmTryCompileExec2001732935.dir/CheckSymbolExists.c.o: In function `main':
CheckSymbolExists.c:(.text+0xa): undefined reference to `pthread_create'
collect2: error: ld returned 1 exit status
make[2]: *** [cmTryCompileExec2001732935] Error 1
make[2]: Leaving directory `/home/jenish/catkin_ws/src/MILES/mrl_pioneer/pioneer_2dnav/build/CMakeFiles/CMakeTmp'
make[1]: *** [cmTryCompileExec2001732935/fast] Error 2
make[1]: Leaving directory `/home/jenish/catkin_ws/src/MILES/mrl_pioneer/pioneer_2dnav/build/CMakeFiles/CMakeTmp'

File /home/jenish/catkin_ws/src/MILES/mrl_pioneer/pioneer_2dnav/build/CMakeFiles/CMakeTmp/CheckSymbolExists.c:
/* */
#include <pthread.h>

int main(int argc, char** argv)
{
  (void)argv;
#ifndef pthread_create
  return ((int*)(&pthread_create))[argc];
#else
  (void)argc;
  return 0;
#endif
}

Determining if the function pthread_create exists in the pthreads failed with the following output:
Change Dir: /home/jenish/catkin_ws/src/MILES/mrl_pioneer/pioneer_2dnav/build/CMakeFiles/CMakeTmp

Run Build Command:/usr/bin/make "cmTryCompileExec3830104216/fast"
make[1]: Entering directory `/home/jenish/catkin_ws/src/MILES/mrl_pioneer/pioneer_2dnav/build/CMakeFiles/CMakeTmp'
/usr/bin/make -f CMakeFiles/cmTryCompileExec3830104216.dir/build.make CMakeFiles/cmTryCompileExec3830104216.dir/build
make[2]: Entering directory `/home/jenish/catkin_ws/src/MILES/mrl_pioneer/pioneer_2dnav/build/CMakeFiles/CMakeTmp'
/usr/bin/cmake -E cmake_progress_report /home/jenish/catkin_ws/src/MILES/mrl_pioneer/pioneer_2dnav/build/CMakeFiles/CMakeTmp/CMakeFiles 1
Building C object CMakeFiles/cmTryCompileExec3830104216.dir/CheckFunctionExists.c.o
/usr/bin/cc   -DCHECK_FUNCTION_EXISTS=pthread_create   -o CMakeFiles/cmTryCompileExec3830104216.dir/CheckFunctionExists.c.o   -c /usr/share/cmake-2.8/Modules/CheckFunctionExists.c
Linking C executable cmTryCompileExec3830104216
/usr/bin/cmake -E cmake_link_script CMakeFiles/cmTryCompileExec3830104216.dir/link.txt --verbose=1
/usr/bin/cc   -DCHECK_FUNCTION_EXISTS=pthread_create    CMakeFiles/cmTryCompileExec3830104216.dir/CheckFunctionExists.c.o  -o cmTryCompileExec3830104216 -rdynamic -lpthreads 
/usr/bin/ld: cannot find -lpthreads
collect2: error: ld returned 1 exit status
make[2]: *** [cmTryCompileExec3830104216] Error 1
make[2]: Leaving directory `/home/jenish/catkin_ws/src/MILES/mrl_pioneer/pioneer_2dnav/build/CMakeFiles/CMakeTmp'
make[1]: *** [cmTryCompileExec3830104216/fast] Error 2
make[1]: Leaving directory `/home/jenish/catkin_ws/src/MILES/mrl_pioneer/pioneer_2dnav/build/CMakeFiles/CMakeTmp'


